    ======  ======
    Time:7/3/2021 10:54:59 PM
    Title: Initiate log
    Message: 
    Time:7/3/2021 10:54:59 PM
    Title: Initiate InternalManager
    Message: Trying to Validate License
    Time:7/3/2021 10:54:59 PM
    Title: Requesting EVT
    Message: EVTP
    Time:7/3/2021 10:54:59 PM
    Title: Requesting Validation
    Message: ILMValidate
    Time:7/3/2021 10:54:59 PM
    Title: LICENSER
    Message: TRL MODE
    Time:7/3/2021 10:54:59 PM
    Title: LICENSER
    Message: DS LEFT27
    Time:7/3/2021 10:54:59 PM
    Title: LICENSER
    Message: DT MARK PASSED27.00:00:00
    Time:7/3/2021 10:55:00 PM
    Title: Access to the path 'C:\ProgramData\Telerik\Hash.lic' is denied.
    Message:    at System.IO.__Error.WinIOError(Int32 errorCode, String maybeFullPath)
   at System.IO.FileStream.Init(String path, FileMode mode, FileAccess access, Int32 rights, Boolean useRights, FileShare share, Int32 bufferSize, FileOptions options, SECURITY_ATTRIBUTES secAttrs, String msgPath, Boolean bFromProxy, Boolean useLongPath, Boolean checkHost)
   at System.IO.FileStream..ctor(String path, FileMode mode, FileAccess access, FileShare share)
   at Telerik.Licensing.Licenser.ReadHashPass()
    Entering constructor for: Telerik.CommonPackage.VSPackage
    Entering Initialize() of: Telerik.CommonPackage.VSPackage
    TestWindow package loaded
    Informational: Log level is set to Informational (Default).
    Informational: Log level is set to Informational (Default).
